<?xml version="1.0" encoding="UTF-8"?>
<!-- Generated by org.testng.reporters.JUnitReportReporter -->
<testsuite hostname="Sal_Alienware" failures="0" tests="1" name="com.naveenautomations.Tests.AccountLoginTest" time="5.092" errors="0" timestamp="2022-08-23T17:54:50 EDT" skipped="0">
  <testcase classname="com.naveenautomations.Tests.AccountLoginTest" name="verifyLogin" time="5.092"/>
  <system-out/>
</testsuite> <!-- com.naveenautomations.Tests.AccountLoginTest -->
