<?xml version="1.0" encoding="UTF-8"?>
<!-- Generated by org.testng.reporters.JUnitReportReporter -->
<testsuite hostname="Sal_Alienware" failures="0" tests="1" name="com.naveenautomations.Tests.CheckOutPageTest" time="14.913" errors="0" timestamp="2022-08-21T18:54:46 EDT" skipped="0">
  <testcase classname="com.naveenautomations.Tests.CheckOutPageTest" name="CheckOutPageTest" time="14.913"/>
  <system-out/>
</testsuite> <!-- com.naveenautomations.Tests.CheckOutPageTest -->
